Change Component Physical Designator: Old Designator=C1 New Designator=C2
Change Component Physical Designator: Old Designator=C1 New Designator=C4
Change Component Physical Designator: Old Designator=C1 New Designator=C9
Change Component Physical Designator: Old Designator=C1 New Designator=C19
Change Component Physical Designator: Old Designator=C2 New Designator=C3
Change Component Physical Designator: Old Designator=C2 New Designator=C5
Change Component Physical Designator: Old Designator=C2 New Designator=C10
Change Component Physical Designator: Old Designator=C3 New Designator=C6
Change Component Physical Designator: Old Designator=C3 New Designator=C11
Change Component Physical Designator: Old Designator=C4 New Designator=C7
Change Component Physical Designator: Old Designator=C4 New Designator=C12
Change Component Physical Designator: Old Designator=C5 New Designator=C8
Change Component Physical Designator: Old Designator=C5 New Designator=C13
Change Component Physical Designator: Old Designator=C6 New Designator=C14
Change Component Physical Designator: Old Designator=C7 New Designator=C15
Change Component Physical Designator: Old Designator=C8 New Designator=C16
Change Component Physical Designator: Old Designator=C9 New Designator=C17
Change Component Physical Designator: Old Designator=C10 New Designator=C1
Change Component Physical Designator: Old Designator=C11 New Designator=C18
Change Component Physical Designator: Old Designator=CN2 New Designator=CN3
Change Component Physical Designator: Old Designator=CN3 New Designator=CN4
Change Component Physical Designator: Old Designator=CN4 New Designator=CN2
Change Component Physical Designator: Old Designator=D1 New Designator=D2
Change Component Physical Designator: Old Designator=D1 New Designator=D8
Change Component Physical Designator: Old Designator=D1 New Designator=D11
Change Component Physical Designator: Old Designator=D2 New Designator=D3
Change Component Physical Designator: Old Designator=D2 New Designator=D9
Change Component Physical Designator: Old Designator=D3 New Designator=D4
Change Component Physical Designator: Old Designator=D3 New Designator=D10
Change Component Physical Designator: Old Designator=D4 New Designator=D5
Change Component Physical Designator: Old Designator=D5 New Designator=D6
Change Component Physical Designator: Old Designator=D6 New Designator=D7
Change Component Physical Designator: Old Designator=L1 New Designator=L2
Change Component Physical Designator: Old Designator=L2 New Designator=L3
Change Component Physical Designator: Old Designator=R1 New Designator=R2
Change Component Physical Designator: Old Designator=R1 New Designator=R10
Change Component Physical Designator: Old Designator=R1 New Designator=R17
Change Component Physical Designator: Old Designator=R2 New Designator=R3
Change Component Physical Designator: Old Designator=R2 New Designator=R11
Change Component Physical Designator: Old Designator=R3 New Designator=R6
Change Component Physical Designator: Old Designator=R3 New Designator=R12
Change Component Physical Designator: Old Designator=R4 New Designator=R7
Change Component Physical Designator: Old Designator=R4 New Designator=R13
Change Component Physical Designator: Old Designator=R5 New Designator=R8
Change Component Physical Designator: Old Designator=R5 New Designator=R14
Change Component Physical Designator: Old Designator=R6 New Designator=R9
Change Component Physical Designator: Old Designator=R6 New Designator=R15
Change Component Physical Designator: Old Designator=R7 New Designator=R4
Change Component Physical Designator: Old Designator=R7 New Designator=R16
Change Component Physical Designator: Old Designator=R8 New Designator=R5
Change Component Physical Designator: Old Designator=TP6 New Designator=TP1
Change Component Physical Designator: Old Designator=TP7 New Designator=TP2
Change Component Physical Designator: Old Designator=TP8 New Designator=TP3
Change Component Physical Designator: Old Designator=TP9 New Designator=TP4
Change Component Physical Designator: Old Designator=TP10 New Designator=TP5
Change Component Physical Designator: Old Designator=TP11 New Designator=TP6
Change Component Physical Designator: Old Designator=TP12 New Designator=TP8
Change Component Physical Designator: Old Designator=TP13 New Designator=TP9
Change Component Physical Designator: Old Designator=TP14 New Designator=TP7
Change Component Physical Designator: Old Designator=TP? New Designator=TP?1
Change Component Physical Designator: Old Designator=TP? New Designator=TP?2
Change Component Physical Designator: Old Designator=U New Designator=U2
