Removed Pin From Net: NetName=GND Pin=C14-2
Removed Pin From Net: NetName=VCC Pin=CN1-5
Removed Pin From Net: NetName=VCC Pin=CN1-6
Removed Pin From Net: NetName=GND Pin=CN4-1
Removed Pin From Net: NetName=GND Pin=TP2-1
Removed Member From Class: ClassName=Boosting Stage Member=C14
Removed Member From Class: ClassName=Boosting Stage Member=CN4
Removed Member From Class: ClassName=Top Sheet_Power System Member=TP2
Added Component: Designator=C7(CAP0805_NEW)
Added Component: Designator=C8(CAP0805_NEW)
Added Component: Designator=C15(CAP0805_NEW)
Added Component: Designator=C16(CAP0805_NEW)
Added Component: Designator=C17(CAP0805_NEW)
Added Component: Designator=C18(CAP0805_NEW)
Added Component: Designator=C19(CAP2220)
Added Component: Designator=C19(CAP0805_NEW)
Added Component: Designator=D1(Mini2-F3-B)
Added Component: Designator=D2(Mini2-F3-B)
Added Component: Designator=D3(Mini2-F3-B)
Added Component: Designator=D4(ONSC-SMA-2-403D-02_F_V)
Added Component: Designator=D8(ONSC-SMA-2-403D-02_F_V)
Added Component: Designator=D9(Mini2-F3-B)
Added Component: Designator=D10(D0805)
Added Component: Designator=D11(DO-214AC)
Added Component: Designator=L3(INDC5435X06N)
Added Component: Designator=R1(RES0805_New)
Added Component: Designator=R2(RES0805_New)
Added Component: Designator=R3(RES1206)
Added Component: Designator=R11(RES1206)
Added Component: Designator=R12(RES0805_New)
Added Component: Designator=R13(RES0805_New)
Added Component: Designator=R14(RES0805_New)
Added Component: Designator=R15(RES0805_New)
Added Component: Designator=R16(RES0805_New)
Added Component: Designator=R17(RES2512)
Added Component: Designator=TP10(Test Point)
Added Component: Designator=TP11(Test Point)
Added Component: Designator=U1(SOIC127P600X173-8N)
Added Component: Designator=U2(MEE3S1212SC)
Added Pin To Net: NetName=GND Pin=C15-1
Added Pin To Net: NetName=GND Pin=C16-1
Added Pin To Net: NetName=GND Pin=C17-2
Added Pin To Net: NetName=VCC Pin=C18-1
Added Pin To Net: NetName=GND Pin=C19-1
Added Pin To Net: NetName=GND Pin=C19-1
Added Pin To Net: NetName=NetD1_1 Pin=D1-1
Added Pin To Net: NetName=NetD1_3 Pin=D1-3
Added Pin To Net: NetName=NetD1_3 Pin=D2-1
Added Pin To Net: NetName=NetD7_1 Pin=D11-2
Added Pin To Net: NetName=GND Pin=L3-2
Added Pin To Net: NetName=NetD1_1 Pin=R1-2
Added Pin To Net: NetName=NetD1_3 Pin=R3-1
Added Pin To Net: NetName=GND Pin=R16-2
Added Pin To Net: NetName=NetD7_1 Pin=R17-1
Added Pin To Net: NetName=NetCN1_2 Pin=U1-2
Added Pin To Net: NetName=GND Pin=U1-3
Added Pin To Net: NetName=NetCN1_2 Pin=U1-4
Added Pin To Net: NetName=NetD1_3 Pin=U1-7
Added Pin To Net: NetName=VCC Pin=U2-2
Change Net Name : Old Net Name=GND New Net Name=-12V_ISO
Change Net Name : Old Net Name=VCC New Net Name=+12V SUPPLY
Added Pin To Net: NetName=+12V_ISO Pin=C15-2
Added Pin To Net: NetName=+12V_ISO Pin=C16-2
Added Pin To Net: NetName=+12V_ISO Pin=C17-1
Added Pin To Net: NetName=+12V_ISO Pin=C19-2
Added Pin To Net: NetName=+12V_ISO Pin=CN1-5
Added Pin To Net: NetName=+12V_ISO Pin=CN1-6
Added Pin To Net: NetName=+12V_ISO Pin=D10-2
Added Pin To Net: NetName=+12V_ISO Pin=U1-6
Added Pin To Net: NetName=+12V_ISO Pin=U2-4
Added Net: Name=+12V_ISO
Added Pin To Net: NetName=-12V SUPPLY Pin=C14-2
Added Pin To Net: NetName=-12V SUPPLY Pin=C18-2
Added Pin To Net: NetName=-12V SUPPLY Pin=CN4-1
Added Pin To Net: NetName=-12V SUPPLY Pin=U2-1
Added Net: Name=-12V SUPPLY
Added Pin To Net: NetName=GND Pin=C7-1
Added Pin To Net: NetName=GND Pin=C8-1
Added Pin To Net: NetName=GND Pin=D4-1
Added Pin To Net: NetName=GND Pin=D8-1
Added Pin To Net: NetName=GND Pin=R13-2
Added Pin To Net: NetName=GND Pin=R14-2
Added Net: Name=GND
Added Pin To Net: NetName=NetC7_2 Pin=C7-2
Added Pin To Net: NetName=NetC7_2 Pin=Q2-1
Added Pin To Net: NetName=NetC7_2 Pin=R11-2
Added Pin To Net: NetName=NetC7_2 Pin=R13-1
Added Net: Name=NetC7_2
Added Pin To Net: NetName=NetC8_2 Pin=C8-2
Added Pin To Net: NetName=NetC8_2 Pin=D8-2
Added Pin To Net: NetName=NetC8_2 Pin=Q1-1
Added Pin To Net: NetName=NetC8_2 Pin=R1-1
Added Pin To Net: NetName=NetC8_2 Pin=R2-1
Added Pin To Net: NetName=NetC8_2 Pin=R11-1
Added Pin To Net: NetName=NetC8_2 Pin=R14-1
Added Pin To Net: NetName=NetC8_2 Pin=TP10-1
Added Net: Name=NetC8_2
Added Pin To Net: NetName=NetC19_2 Pin=C19-2
Added Pin To Net: NetName=NetC19_2 Pin=D11-1
Added Pin To Net: NetName=NetC19_2 Pin=R17-2
Added Net: Name=NetC19_2
Added Pin To Net: NetName=NetD2_3 Pin=D2-3
Added Pin To Net: NetName=NetD2_3 Pin=R2-2
Added Net: Name=NetD2_3
Added Pin To Net: NetName=NetD3_1 Pin=D3-1
Added Pin To Net: NetName=NetD3_1 Pin=R12-2
Added Net: Name=NetD3_1
Added Pin To Net: NetName=NetD3_3 Pin=D3-3
Added Pin To Net: NetName=NetD3_3 Pin=D9-1
Added Pin To Net: NetName=NetD3_3 Pin=R3-2
Added Pin To Net: NetName=NetD3_3 Pin=U1-5
Added Net: Name=NetD3_3
Added Pin To Net: NetName=NetD4_2 Pin=D4-2
Added Pin To Net: NetName=NetD4_2 Pin=R12-1
Added Pin To Net: NetName=NetD4_2 Pin=R15-1
Added Net: Name=NetD4_2
Added Pin To Net: NetName=NetD9_3 Pin=D9-3
Added Pin To Net: NetName=NetD9_3 Pin=R15-2
Added Net: Name=NetD9_3
Added Pin To Net: NetName=NetD10_1 Pin=D10-1
Added Pin To Net: NetName=NetD10_1 Pin=R16-1
Added Net: Name=NetD10_1
Added Pin To Net: NetName=NetL3_1 Pin=L3-1
Added Pin To Net: NetName=NetL3_1 Pin=U2-3
Added Net: Name=NetL3_1
Change Class Name : Old Net Name=Boosting Stage New Net Name=U_Boost Converter Circuit
Change Class Name : Old Net Name=Driving Stage New Net Name=U_2EDN7424_EiceDRIVER
Change Class Name : Old Net Name=Filtering Stage New Net Name=U_EMI Filter
Added Class: Name=U_12V DC-DC ISOLATOR
Added Class: Name=U_Power LED Circuit
Added Class: Name=U_RCD Snubber circuit
Added Member To Class: ClassName=U_2EDN7424_EiceDRIVER Member=Component C7 (C1) C0805C102J5GACTU
Added Member To Class: ClassName=U_2EDN7424_EiceDRIVER Member=Component C8 (C2) C0805C102J5GACTU
Added Member To Class: ClassName=Top Sheet_Power System Member=Component C14 (C10) ECA-1VM470
Added Member To Class: ClassName=U_2EDN7424_EiceDRIVER Member=Component C15 (C4) GRM21BR61H475KE51L
Added Member To Class: ClassName=U_2EDN7424_EiceDRIVER Member=Component C16 (C5) C0805C104J5RACAUTO
Added Member To Class: ClassName=U_2EDN7424_EiceDRIVER Member=Component C19 (C3) CC0805JKX7R9BB105
Added Member To Class: ClassName=Top Sheet_Power System Member=Component CN4 1935776
Added Member To Class: ClassName=U_2EDN7424_EiceDRIVER Member=Component D1 DB2W40300L
Added Member To Class: ClassName=U_2EDN7424_EiceDRIVER Member=Component D2 DB2W40300L
Added Member To Class: ClassName=U_2EDN7424_EiceDRIVER Member=Component D3 DB2W40300L
Added Member To Class: ClassName=U_2EDN7424_EiceDRIVER Member=Component D4 1SMA12CAT3G
Added Member To Class: ClassName=U_2EDN7424_EiceDRIVER Member=Component D8 (D5) 1SMA12CAT3G
Added Member To Class: ClassName=U_2EDN7424_EiceDRIVER Member=Component D9 (D6) DB2W40300L
Added Member To Class: ClassName=U_2EDN7424_EiceDRIVER Member=Component R1 R0805_Generic
Added Member To Class: ClassName=U_2EDN7424_EiceDRIVER Member=Component R2 R0805_Generic
Added Member To Class: ClassName=U_2EDN7424_EiceDRIVER Member=Component R3 (R7) CRCW12060000Z0EA
Added Member To Class: ClassName=U_2EDN7424_EiceDRIVER Member=Component R11 (R8) CRCW12060000Z0EA
Added Member To Class: ClassName=U_2EDN7424_EiceDRIVER Member=Component R12 (R3) R0805_Generic
Added Member To Class: ClassName=U_2EDN7424_EiceDRIVER Member=Component R13 (R4) TNPW080510K0FEEA
Added Member To Class: ClassName=U_2EDN7424_EiceDRIVER Member=Component R14 (R5) TNPW080510K0FEEA
Added Member To Class: ClassName=U_2EDN7424_EiceDRIVER Member=Component R15 (R6) R0805_Generic
Added Member To Class: ClassName=U_Boost Converter Circuit Member=Component TP10 5006
Added Member To Class: ClassName=U_Boost Converter Circuit Member=Component TP11 5006
Added Member To Class: ClassName=U_2EDN7424_EiceDRIVER Member=Component U1 (U) 2EDN7424
Added Room: Name=Top Sheet_Power System
Added Room: Name=U_2EDN7424_EiceDRIVER
Added Room: Name=U_12V DC-DC ISOLATOR
Added Room: Name=U_Boost Converter Circuit
Added Room: Name=U_EMI Filter
Added Room: Name=U_Power LED Circuit
Added Room: Name=U_RCD Snubber circuit
