Reset Component Physical Designator: Old Designator=BR1 New Designator=BR1
Reset Component Physical Designator: Old Designator=C1 New Designator=C10
Reset Component Physical Designator: Old Designator=C2 New Designator=C1
Reset Component Physical Designator: Old Designator=C3 New Designator=C2
Reset Component Physical Designator: Old Designator=C4 New Designator=C3
Reset Component Physical Designator: Old Designator=C5 New Designator=C4
Reset Component Physical Designator: Old Designator=C6 New Designator=C5
Reset Component Physical Designator: Old Designator=C7 New Designator=C1
Reset Component Physical Designator: Old Designator=C8 New Designator=C2
Reset Component Physical Designator: Old Designator=C9 New Designator=C3
Reset Component Physical Designator: Old Designator=C10 New Designator=C4
Reset Component Physical Designator: Old Designator=C11 New Designator=C5
Reset Component Physical Designator: Old Designator=C12 New Designator=C6
Reset Component Physical Designator: Old Designator=C13 New Designator=C7
Reset Component Physical Designator: Old Designator=C14 New Designator=C8
Reset Component Physical Designator: Old Designator=C15 New Designator=C9
Reset Component Physical Designator: Old Designator=C16 New Designator=C11
Reset Component Physical Designator: Old Designator=C17 New Designator=C1
Reset Component Physical Designator: Old Designator=C18 New Designator=C2
Reset Component Physical Designator: Old Designator=C19 New Designator=C1
Reset Component Physical Designator: Old Designator=CN1 New Designator=CN1
Reset Component Physical Designator: Old Designator=CN2 New Designator=CN4
Reset Component Physical Designator: Old Designator=CN3 New Designator=CN2
Reset Component Physical Designator: Old Designator=CN4 New Designator=CN3
Reset Component Physical Designator: Old Designator=D1 New Designator=D1
Reset Component Physical Designator: Old Designator=D2 New Designator=D2
Reset Component Physical Designator: Old Designator=D3 New Designator=D3
Reset Component Physical Designator: Old Designator=D4 New Designator=D4
Reset Component Physical Designator: Old Designator=D5 New Designator=D5
Reset Component Physical Designator: Old Designator=D6 New Designator=D6
Reset Component Physical Designator: Old Designator=D7 New Designator=D1
Reset Component Physical Designator: Old Designator=D8 New Designator=D2
Reset Component Physical Designator: Old Designator=D9 New Designator=D3
Reset Component Physical Designator: Old Designator=D10 New Designator=D1
Reset Component Physical Designator: Old Designator=D11 New Designator=D1
Reset Component Physical Designator: Old Designator=F1 New Designator=F1
Reset Component Physical Designator: Old Designator=HT1 New Designator=HT1
Reset Component Physical Designator: Old Designator=L1 New Designator=L1
Reset Component Physical Designator: Old Designator=L2 New Designator=L2
Reset Component Physical Designator: Old Designator=L3 New Designator=L1
Reset Component Physical Designator: Old Designator=Q1 New Designator=Q1
Reset Component Physical Designator: Old Designator=Q2 New Designator=Q2
Reset Component Physical Designator: Old Designator=R1 New Designator=R1
Reset Component Physical Designator: Old Designator=R2 New Designator=R2
Reset Component Physical Designator: Old Designator=R3 New Designator=R7
Reset Component Physical Designator: Old Designator=R4 New Designator=R8
Reset Component Physical Designator: Old Designator=R5 New Designator=R3
Reset Component Physical Designator: Old Designator=R6 New Designator=R4
Reset Component Physical Designator: Old Designator=R7 New Designator=R5
Reset Component Physical Designator: Old Designator=R8 New Designator=R6
Reset Component Physical Designator: Old Designator=R9 New Designator=R1
Reset Component Physical Designator: Old Designator=R10 New Designator=R2
Reset Component Physical Designator: Old Designator=R11 New Designator=R3
Reset Component Physical Designator: Old Designator=R12 New Designator=R4
Reset Component Physical Designator: Old Designator=R13 New Designator=R5
Reset Component Physical Designator: Old Designator=R14 New Designator=R6
Reset Component Physical Designator: Old Designator=R15 New Designator=R7
Reset Component Physical Designator: Old Designator=R16 New Designator=R1
Reset Component Physical Designator: Old Designator=R17 New Designator=R1
Reset Component Physical Designator: Old Designator=RT1 New Designator=RT1
Reset Component Physical Designator: Old Designator=TP1 New Designator=TP1
Reset Component Physical Designator: Old Designator=TP2 New Designator=TP2
Reset Component Physical Designator: Old Designator=TP3 New Designator=TP6
Reset Component Physical Designator: Old Designator=TP4 New Designator=TP7
Reset Component Physical Designator: Old Designator=TP5 New Designator=TP8
Reset Component Physical Designator: Old Designator=TP6 New Designator=TP9
Reset Component Physical Designator: Old Designator=TP7 New Designator=TP10
Reset Component Physical Designator: Old Designator=TP8 New Designator=TP11
Reset Component Physical Designator: Old Designator=TP9 New Designator=TP14
Reset Component Physical Designator: Old Designator=TP10 New Designator=TP12
Reset Component Physical Designator: Old Designator=TP11 New Designator=TP13
Reset Component Physical Designator: Old Designator=U1 New Designator=U
Reset Component Physical Designator: Old Designator=U2 New Designator=U1
Reset Component Physical Designator: Old Designator=VAR1 New Designator=VAR1
Reset Component Physical Designator: Old Designator=W1 New Designator=W1
