Change Component Physical Designator: Old Designator=C1 New Designator=C7
Change Component Physical Designator: Old Designator=C1 New Designator=C17
Change Component Physical Designator: Old Designator=C1 New Designator=C19
Change Component Physical Designator: Old Designator=C2 New Designator=C8
Change Component Physical Designator: Old Designator=C2 New Designator=C18
Change Component Physical Designator: Old Designator=C3 New Designator=C14
Change Component Physical Designator: Old Designator=C4 New Designator=C15
Change Component Physical Designator: Old Designator=C5 New Designator=C16
Change Component Physical Designator: Old Designator=C10 New Designator=C6
Change Component Physical Designator: Old Designator=D1 New Designator=D10
Change Component Physical Designator: Old Designator=D1 New Designator=D11
Change Component Physical Designator: Old Designator=D5 New Designator=D8
Change Component Physical Designator: Old Designator=D6 New Designator=D9
Change Component Physical Designator: Old Designator=L1 New Designator=L3
Change Component Physical Designator: Old Designator=R1 New Designator=R16
Change Component Physical Designator: Old Designator=R1 New Designator=R17
Change Component Physical Designator: Old Designator=R3 New Designator=R12
Change Component Physical Designator: Old Designator=R4 New Designator=R13
Change Component Physical Designator: Old Designator=R5 New Designator=R14
Change Component Physical Designator: Old Designator=R6 New Designator=R15
Change Component Physical Designator: Old Designator=R7 New Designator=R3
Change Component Physical Designator: Old Designator=R8 New Designator=R11
Change Component Physical Designator: Old Designator=U1 New Designator=U2
Change Component Physical Designator: Old Designator=U New Designator=U1
