Change Component Designator: Old Designator=C6 New Designator=C5
Change Component Designator: Old Designator=C17 New Designator=C1
Change Component Designator: Old Designator=C18 New Designator=C2
Change Component Designator: Old Designator=C19 New Designator=C4
Change Component Designator: Old Designator=C20 New Designator=C3
Change Component Designator: Old Designator=C21 New Designator=C6
Change Component Designator: Old Designator=CN3 New Designator=CN1
Change Component Designator: Old Designator=D5 New Designator=D1
Change Component Designator: Old Designator=D6 New Designator=D2
Change Component Designator: Old Designator=D? New Designator=D3
Change Component Designator: Old Designator=L2 New Designator=L1
Change Component Designator: Old Designator=Q? New Designator=Q2
Change Component Designator: Old Designator=R2 New Designator=R4
Change Component Designator: Old Designator=R3 New Designator=R5
Change Component Designator: Old Designator=R4 New Designator=R6
Change Component Designator: Old Designator=R15 New Designator=R1
Change Component Designator: Old Designator=R16 New Designator=R3
Change Component Designator: Old Designator=R? New Designator=R2
Change Component Designator: Old Designator=R? New Designator=R7
Change Component Designator: Old Designator=TP16 New Designator=TP3
Change Component Designator: Old Designator=TP17 New Designator=TP2
Change Component Designator: Old Designator=TP18 New Designator=TP6
Change Component Designator: Old Designator=TP19 New Designator=TP1
Change Component Designator: Old Designator=TP20 New Designator=TP5
Change Component Designator: Old Designator=TP? New Designator=TP4
